"Task Aware Debugger for GDB" version 11.8.1 (202308071233)
Copyright 2016-2023 NXP
==================================
21:21:51.369 INFO: [TadModel] DSF session ID 4 has started.
21:21:56.340 INFO: [TadState] TAD state changed: DEBUG_STARTED -> DEBUG_INIT_0 (SUSPENDED, USER_REQUEST)
21:21:59.193 INFO: [TadState] TAD state changed: DEBUG_INIT_0 -> DEBUG_INIT_1 (RESUMED, USER_REQUEST)
21:21:59.241 INFO: [TadState] TAD state changed: DEBUG_INIT_1 -> DEBUG_SUSPENDED (SUSPENDED, BREAKPOINT)
21:22:00.140 INFO: [TadState] TAD state changed: DEBUG_SUSPENDED -> DEBUG_RESUMED (RESUMED, USER_REQUEST)
21:25:15.821 INFO: [TadState] TAD state changed: DEBUG_RESUMED -> READY (SUSPENDED, SIGNAL)
21:25:15.842 INFO: [Benchmark] Loading data for "Determine RTOS version" has started.
21:25:15.877 INFO: [FreeRtosTadModel] Heap type (memory allocation scheme) has been identified from FreeRTOSDebugConfig structure as Heap #4. 
21:25:15.877 INFO: [FreeRtosTadModel] FreeRTOS version has been identified from FreeRTOSDebugConfig structure as 10.5.0.
21:25:15.877 INFO: [Benchmark] Loading data for "Determine RTOS version" took 35 ms.
21:25:15.878 INFO: [Benchmark] Loading data for "Task List" has started.
21:25:16.592 ERROR: [VariableReader] Could not read variable expression: "ulTotalRunTime".
21:25:16.592 ERROR: [VariableReader] Status ERROR: org.eclipse.cdt.dsf.gdb code=10004 Failed to execute MI command:
21:25:16.592 ERROR: [VariableReader] -data-evaluate-expression ulTotalRunTime
21:25:16.592 ERROR: [VariableReader] Error message from debugger back end:
21:25:16.592 ERROR: [VariableReader] No symbol "ulTotalRunTime" in current context. java.lang.Exception: No symbol "ulTotalRunTime" in current context.
21:25:16.592 ERROR: [TaskFactory] ulTotalRunTime not available
21:25:17.818 ERROR: [VariableReader] Could not read variable expression: "xSchedulerRunning".
21:25:17.818 ERROR: [VariableReader] Status ERROR: org.eclipse.cdt.dsf.gdb code=10001 Connection is shut down
21:25:17.819 ERROR: [TadFactory] Reading exception during: "readLongVariableSafely(xSchedulerRunning)"
21:25:17.819 ERROR: [VariableReader] Could not read variable expression: "pxReadyTasksLists[4].uxNumberOfItems".
21:25:17.819 ERROR: [VariableReader] Status ERROR: org.eclipse.cdt.dsf.gdb code=10001 Connection is shut down
21:25:17.820 ERROR: [TaskFactory] Cannot read information from "pxReadyTasksLists[4]".
21:25:17.820 ERROR: [VariableReader] Could not read variable expression: "xSuspendedTaskList.uxNumberOfItems".
21:25:17.821 ERROR: [VariableReader] Status ERROR: org.eclipse.cdt.dsf.gdb code=10001 Connection is shut down
21:25:17.822 ERROR: [TaskFactory] Cannot read information from "xSuspendedTaskList".
21:25:17.822 ERROR: [VariableReader] Could not read variable expression: "xPendingReadyList.uxNumberOfItems".
21:25:17.822 ERROR: [VariableReader] Status ERROR: org.eclipse.cdt.dsf.gdb code=10001 Connection is shut down
21:25:17.822 ERROR: [TaskFactory] Cannot read information from "xPendingReadyList".
21:25:17.822 ERROR: [VariableReader] Could not read variable expression: "pxDelayedTaskList.uxNumberOfItems".
21:25:17.823 ERROR: [VariableReader] Status ERROR: org.eclipse.cdt.dsf.gdb code=10001 Connection is shut down
21:25:17.823 ERROR: [TaskFactory] Cannot read information from "pxDelayedTaskList".
21:25:17.823 ERROR: [VariableReader] Could not read variable expression: "pxOverflowDelayedTaskList.uxNumberOfItems".
21:25:17.823 ERROR: [VariableReader] Status ERROR: org.eclipse.cdt.dsf.gdb code=10001 Connection is shut down
21:25:17.825 ERROR: [TaskFactory] Cannot read information from "pxOverflowDelayedTaskList".
21:25:17.825 INFO: [Benchmark] Loading data for "Task List" took 1947 ms.
21:25:17.830 INFO: [TadModel] DSF session ID 4 has ended.
