"Task Aware Debugger for GDB" version 11.8.1 (202308071233)
Copyright 2016-2023 NXP
==================================
21:18:40.701 INFO: [TadModel] DSF session ID 2 has started.
21:18:46.167 INFO: [TadState] TAD state changed: DEBUG_STARTED -> DEBUG_INIT_0 (SUSPENDED, USER_REQUEST)
21:18:49.16 INFO: [TadState] TAD state changed: DEBUG_INIT_0 -> DEBUG_INIT_1 (RESUMED, USER_REQUEST)
21:18:49.56 INFO: [TadState] TAD state changed: DEBUG_INIT_1 -> DEBUG_SUSPENDED (SUSPENDED, BREAKPOINT)
21:18:49.684 INFO: [TadState] TAD state changed: DEBUG_SUSPENDED -> DEBUG_RESUMED (RESUMED, USER_REQUEST)
21:20:50.826 INFO: [TadState] TAD state changed: DEBUG_RESUMED -> READY (SUSPENDED, SIGNAL)
21:20:50.852 INFO: [Benchmark] Loading data for "Determine RTOS version" has started.
21:20:50.856 INFO: [FreeRtosTadModel] Heap type (memory allocation scheme) has been identified from FreeRTOSDebugConfig structure as Heap #4. 
21:20:50.856 INFO: [FreeRtosTadModel] FreeRTOS version has been identified from FreeRTOSDebugConfig structure as 10.5.0.
21:20:50.856 INFO: [Benchmark] Loading data for "Determine RTOS version" took 5 ms.
21:20:50.856 INFO: [Benchmark] Loading data for "Task List" has started.
21:20:51.388 ERROR: [VariableReader] Could not read variable expression: "ulTotalRunTime".
21:20:51.389 ERROR: [VariableReader] Status ERROR: org.eclipse.cdt.dsf.gdb code=10004 Failed to execute MI command:
21:20:51.389 ERROR: [VariableReader] -data-evaluate-expression ulTotalRunTime
21:20:51.389 ERROR: [VariableReader] Error message from debugger back end:
21:20:51.389 ERROR: [VariableReader] No symbol "ulTotalRunTime" in current context. java.lang.Exception: No symbol "ulTotalRunTime" in current context.
21:20:51.389 ERROR: [TaskFactory] ulTotalRunTime not available
21:20:52.819 ERROR: [VariableReader] Could not read variable expression: "xSchedulerRunning".
21:20:52.819 ERROR: [VariableReader] Status ERROR: org.eclipse.cdt.dsf.gdb code=10001 Connection is shut down
21:20:52.820 ERROR: [TadFactory] Reading exception during: "readLongVariableSafely(xSchedulerRunning)"
21:20:52.820 ERROR: [VariableReader] Could not read variable expression: "(((struct xLIST_ITEM *) 0x4415)->pvOwner)".
21:20:52.821 ERROR: [VariableReader] Status ERROR: org.eclipse.cdt.dsf.gdb code=10001 Connection is shut down
21:20:52.821 ERROR: [TaskFactory] Cannot read information from "pxDelayedTaskList".
21:20:52.821 ERROR: [VariableReader] Could not read variable expression: "pxOverflowDelayedTaskList.uxNumberOfItems".
21:20:52.821 ERROR: [VariableReader] Status ERROR: org.eclipse.cdt.dsf.gdb code=10001 Connection is shut down
21:20:52.822 ERROR: [TaskFactory] Cannot read information from "pxOverflowDelayedTaskList".
21:20:52.822 INFO: [Benchmark] Loading data for "Task List" took 1966 ms.
21:20:52.826 INFO: [TadModel] DSF session ID 2 has ended.
