"Task Aware Debugger for GDB" version 11.8.1 (202308071233)
Copyright 2016-2023 NXP
==================================
17:59:01.743 INFO: [TadModel] DSF session ID 1 has started.
17:59:06.256 INFO: [TadState] TAD state changed: DEBUG_STARTED -> DEBUG_INIT_0 (SUSPENDED, USER_REQUEST)
17:59:08.918 INFO: [TadState] TAD state changed: DEBUG_INIT_0 -> DEBUG_INIT_1 (RESUMED, USER_REQUEST)
17:59:08.962 INFO: [TadState] TAD state changed: DEBUG_INIT_1 -> DEBUG_SUSPENDED (SUSPENDED, BREAKPOINT)
17:59:09.894 INFO: [TadState] TAD state changed: DEBUG_SUSPENDED -> DEBUG_RESUMED (RESUMED, USER_REQUEST)
17:59:33.11 INFO: [TadState] TAD state changed: DEBUG_RESUMED -> READY (SUSPENDED, SIGNAL)
17:59:33.27 INFO: [Benchmark] Loading data for "Determine RTOS version" has started.
17:59:33.132 INFO: [FreeRtosTadModel] Heap type (memory allocation scheme) has been identified from FreeRTOSDebugConfig structure as Heap #4. 
17:59:33.133 INFO: [FreeRtosTadModel] FreeRTOS version has been identified from FreeRTOSDebugConfig structure as 10.5.0.
17:59:33.133 INFO: [Benchmark] Loading data for "Determine RTOS version" took 106 ms.
17:59:33.133 INFO: [Benchmark] Loading data for "Task List" has started.
17:59:33.949 ERROR: [VariableReader] Could not read variable expression: "ulTotalRunTime".
17:59:33.949 ERROR: [VariableReader] Status ERROR: org.eclipse.cdt.dsf.gdb code=10004 Failed to execute MI command:
17:59:33.949 ERROR: [VariableReader] -data-evaluate-expression ulTotalRunTime
17:59:33.949 ERROR: [VariableReader] Error message from debugger back end:
17:59:33.949 ERROR: [VariableReader] No symbol "ulTotalRunTime" in current context. java.lang.Exception: No symbol "ulTotalRunTime" in current context.
17:59:33.949 ERROR: [TaskFactory] ulTotalRunTime not available
17:59:34.243 ERROR: [VariableReader] Could not read variable expression: "(((struct tskTaskControlBlock *) 0x20000a48)->ulRunTimeCounter)".
17:59:34.243 ERROR: [VariableReader] Status ERROR: org.eclipse.cdt.dsf.gdb code=10004 Failed to execute MI command:
17:59:34.243 ERROR: [VariableReader] -data-evaluate-expression "(((struct tskTaskControlBlock *) 0x20000a48)->ulRunTimeCounter)"
17:59:34.243 ERROR: [VariableReader] Error message from debugger back end:
17:59:34.243 ERROR: [VariableReader] There is no member named ulRunTimeCounter. java.lang.Exception: There is no member named ulRunTimeCounter.
17:59:34.243 INFO: [FreeRTOS] RTOS macro "configGENERATE_RUN_TIME_STATS" is disabled.
17:59:34.879 INFO: [FreeRTOS] RTOS macro "configUSE_MUTEXES" is disabled.
17:59:35.808 INFO: [Benchmark] Loading data for "Task List" took 2674 ms.
18:02:14.29 INFO: [TadState] TAD state changed: READY -> DEBUG_RESUMED (RESUMED, USER_REQUEST)
18:02:56.645 INFO: [TadState] TAD state changed: DEBUG_RESUMED -> READY (SUSPENDED, SIGNAL)
18:02:56.645 INFO: [Benchmark] Loading data for "Task List" has started.
18:02:58.633 INFO: [TadModel] DSF session ID 1 has ended.
18:03:01.531 ERROR: [MemoryReader] Read bytes method timed out!
18:03:01.531 ERROR: [TaskFactory] Cannot read information from "pxDelayedTaskList".
18:03:01.531 ERROR: [TaskFactory] Cannot read information from "pxOverflowDelayedTaskList".
18:03:01.531 INFO: [Benchmark] Loading data for "Task List" took 4886 ms.
