"Task Aware Debugger for GDB" version 11.8.1 (202308071233)
Copyright 2016-2023 NXP
==================================
00:41:29.453 INFO: [TadModel] DSF session ID 2 has started.
00:41:34.33 INFO: [TadState] TAD state changed: DEBUG_STARTED -> DEBUG_INIT_0 (SUSPENDED, USER_REQUEST)
00:41:36.794 INFO: [TadState] TAD state changed: DEBUG_INIT_0 -> DEBUG_INIT_1 (RESUMED, USER_REQUEST)
00:41:36.852 INFO: [TadState] TAD state changed: DEBUG_INIT_1 -> DEBUG_SUSPENDED (SUSPENDED, BREAKPOINT)
00:41:38.477 INFO: [TadState] TAD state changed: DEBUG_SUSPENDED -> DEBUG_RESUMED (RESUMED, USER_REQUEST)
00:50:25.965 INFO: [TadState] TAD state changed: DEBUG_RESUMED -> READY (SUSPENDED, SIGNAL)
00:50:25.978 INFO: [Benchmark] Loading data for "Determine RTOS version" has started.
00:50:26.10 INFO: [FreeRtosTadModel] Heap type (memory allocation scheme) has been identified from FreeRTOSDebugConfig structure as Heap #4. 
00:50:26.12 INFO: [FreeRtosTadModel] FreeRTOS version has been identified from FreeRTOSDebugConfig structure as 10.5.0.
00:50:26.12 INFO: [Benchmark] Loading data for "Determine RTOS version" took 34 ms.
00:50:26.12 INFO: [Benchmark] Loading data for "Task List" has started.
00:50:26.771 ERROR: [VariableReader] Could not read variable expression: "ulTotalRunTime".
00:50:26.772 ERROR: [VariableReader] Status ERROR: org.eclipse.cdt.dsf.gdb code=10004 Failed to execute MI command:
00:50:26.772 ERROR: [VariableReader] -data-evaluate-expression ulTotalRunTime
00:50:26.772 ERROR: [VariableReader] Error message from debugger back end:
00:50:26.772 ERROR: [VariableReader] No symbol "ulTotalRunTime" in current context. java.lang.Exception: No symbol "ulTotalRunTime" in current context.
00:50:26.772 ERROR: [TaskFactory] ulTotalRunTime not available
00:50:27.995 ERROR: [VariableReader] Could not read variable expression: "pxReadyTasksLists[3].xListEnd.pxNext".
00:50:27.995 ERROR: [VariableReader] Status ERROR: org.eclipse.cdt.dsf.gdb code=10001 Connection is shut down
00:50:27.995 ERROR: [TaskFactory] Cannot read information from "pxReadyTasksLists[3]".
00:50:27.996 ERROR: [VariableReader] Could not read variable expression: "pxReadyTasksLists[4].uxNumberOfItems".
00:50:27.996 ERROR: [VariableReader] Status ERROR: org.eclipse.cdt.dsf.gdb code=10001 Connection is shut down
00:50:27.996 ERROR: [TaskFactory] Cannot read information from "pxReadyTasksLists[4]".
00:50:27.996 ERROR: [VariableReader] Could not read variable expression: "xPendingReadyList.uxNumberOfItems".
00:50:27.996 ERROR: [VariableReader] Status ERROR: org.eclipse.cdt.dsf.gdb code=10001 Connection is shut down
00:50:27.997 ERROR: [TaskFactory] Cannot read information from "xPendingReadyList".
00:50:27.997 ERROR: [VariableReader] Could not read variable expression: "xSuspendedTaskList.uxNumberOfItems".
00:50:27.997 ERROR: [VariableReader] Status ERROR: org.eclipse.cdt.dsf.gdb code=10001 Connection is shut down
00:50:27.997 ERROR: [TaskFactory] Cannot read information from "xSuspendedTaskList".
00:50:27.998 ERROR: [VariableReader] Could not read variable expression: "pxDelayedTaskList.uxNumberOfItems".
00:50:27.998 ERROR: [VariableReader] Status ERROR: org.eclipse.cdt.dsf.gdb code=10001 Connection is shut down
00:50:27.998 ERROR: [TaskFactory] Cannot read information from "pxDelayedTaskList".
00:50:27.998 ERROR: [VariableReader] Could not read variable expression: "pxOverflowDelayedTaskList.uxNumberOfItems".
00:50:27.998 ERROR: [VariableReader] Status ERROR: org.eclipse.cdt.dsf.gdb code=10001 Connection is shut down
00:50:27.998 ERROR: [TaskFactory] Cannot read information from "pxOverflowDelayedTaskList".
00:50:27.999 INFO: [Benchmark] Loading data for "Task List" took 1987 ms.
00:50:28.05 INFO: [TadModel] DSF session ID 2 has ended.
