"Task Aware Debugger for GDB" version 11.8.1 (202308071233)
Copyright 2016-2023 NXP
==================================
17:19:30.953 INFO: [TadModel] DSF session ID 0 has started.
17:19:35.831 INFO: [TadState] TAD state changed: DEBUG_STARTED -> DEBUG_INIT_0 (SUSPENDED, USER_REQUEST)
17:19:38.555 INFO: [TadState] TAD state changed: DEBUG_INIT_0 -> DEBUG_INIT_1 (RESUMED, USER_REQUEST)
17:19:38.614 INFO: [TadState] TAD state changed: DEBUG_INIT_1 -> DEBUG_SUSPENDED (SUSPENDED, BREAKPOINT)
17:19:54.375 INFO: [TadState] TAD state changed: DEBUG_SUSPENDED -> DEBUG_RESUMED (RESUMED, USER_REQUEST)
17:41:59.123 INFO: [TadState] TAD state changed: DEBUG_RESUMED -> READY (SUSPENDED, SIGNAL)
17:41:59.137 INFO: [Benchmark] Loading data for "Determine RTOS version" has started.
17:41:59.171 INFO: [FreeRtosTadModel] Heap type (memory allocation scheme) has been identified from FreeRTOSDebugConfig structure as Heap #4. 
17:41:59.172 INFO: [FreeRtosTadModel] FreeRTOS version has been identified from FreeRTOSDebugConfig structure as 10.5.0.
17:41:59.172 INFO: [Benchmark] Loading data for "Determine RTOS version" took 35 ms.
17:41:59.172 INFO: [Benchmark] Loading data for "Task List" has started.
17:41:59.855 ERROR: [VariableReader] Could not read variable expression: "ulTotalRunTime".
17:41:59.856 ERROR: [VariableReader] Status ERROR: org.eclipse.cdt.dsf.gdb code=10004 Failed to execute MI command:
17:41:59.856 ERROR: [VariableReader] -data-evaluate-expression ulTotalRunTime
17:41:59.856 ERROR: [VariableReader] Error message from debugger back end:
17:41:59.856 ERROR: [VariableReader] No symbol "ulTotalRunTime" in current context. java.lang.Exception: No symbol "ulTotalRunTime" in current context.
17:41:59.856 ERROR: [TaskFactory] ulTotalRunTime not available
17:42:01.155 ERROR: [VariableReader] Could not read variable expression: "xPendingReadyList.uxNumberOfItems".
17:42:01.155 ERROR: [VariableReader] Status ERROR: org.eclipse.cdt.dsf.gdb code=10001 Connection is shut down
17:42:01.155 ERROR: [TaskFactory] Cannot read information from "xPendingReadyList".
17:42:01.156 ERROR: [VariableReader] Could not read variable expression: "xSuspendedTaskList.uxNumberOfItems".
17:42:01.156 ERROR: [VariableReader] Status ERROR: org.eclipse.cdt.dsf.gdb code=10001 Connection is shut down
17:42:01.156 ERROR: [TaskFactory] Cannot read information from "xSuspendedTaskList".
17:42:01.156 ERROR: [VariableReader] Could not read variable expression: "pxDelayedTaskList.uxNumberOfItems".
17:42:01.156 ERROR: [VariableReader] Status ERROR: org.eclipse.cdt.dsf.gdb code=10001 Connection is shut down
17:42:01.156 ERROR: [TaskFactory] Cannot read information from "pxDelayedTaskList".
17:42:01.157 ERROR: [VariableReader] Could not read variable expression: "pxOverflowDelayedTaskList.uxNumberOfItems".
17:42:01.157 ERROR: [VariableReader] Status ERROR: org.eclipse.cdt.dsf.gdb code=10001 Connection is shut down
17:42:01.157 ERROR: [TaskFactory] Cannot read information from "pxOverflowDelayedTaskList".
17:42:01.157 INFO: [Benchmark] Loading data for "Task List" took 1985 ms.
17:42:01.162 INFO: [TadModel] DSF session ID 0 has ended.
