"Task Aware Debugger for GDB" version 11.8.1 (202308071233)
Copyright 2016-2023 NXP
==================================
21:20:56.495 INFO: [TadModel] DSF session ID 3 has started.
21:21:01.785 INFO: [TadState] TAD state changed: DEBUG_STARTED -> DEBUG_INIT_0 (SUSPENDED, USER_REQUEST)
21:21:04.639 INFO: [TadState] TAD state changed: DEBUG_INIT_0 -> DEBUG_INIT_1 (RESUMED, USER_REQUEST)
21:21:04.690 INFO: [TadState] TAD state changed: DEBUG_INIT_1 -> DEBUG_SUSPENDED (SUSPENDED, BREAKPOINT)
21:21:06.569 INFO: [TadState] TAD state changed: DEBUG_SUSPENDED -> DEBUG_RESUMED (RESUMED, USER_REQUEST)
21:21:35.881 INFO: [TadState] TAD state changed: DEBUG_RESUMED -> READY (SUSPENDED, SIGNAL)
21:21:35.900 INFO: [Benchmark] Loading data for "Determine RTOS version" has started.
21:21:35.935 INFO: [FreeRtosTadModel] Heap type (memory allocation scheme) has been identified from FreeRTOSDebugConfig structure as Heap #4. 
21:21:35.935 INFO: [FreeRtosTadModel] FreeRTOS version has been identified from FreeRTOSDebugConfig structure as 10.5.0.
21:21:35.935 INFO: [Benchmark] Loading data for "Determine RTOS version" took 36 ms.
21:21:35.935 INFO: [Benchmark] Loading data for "Task List" has started.
21:21:36.567 ERROR: [VariableReader] Could not read variable expression: "ulTotalRunTime".
21:21:36.568 ERROR: [VariableReader] Status ERROR: org.eclipse.cdt.dsf.gdb code=10004 Failed to execute MI command:
21:21:36.568 ERROR: [VariableReader] -data-evaluate-expression ulTotalRunTime
21:21:36.568 ERROR: [VariableReader] Error message from debugger back end:
21:21:36.568 ERROR: [VariableReader] No symbol "ulTotalRunTime" in current context. java.lang.Exception: No symbol "ulTotalRunTime" in current context.
21:21:36.568 ERROR: [TaskFactory] ulTotalRunTime not available
21:21:37.880 ERROR: [VariableReader] Could not read variable expression: "xSuspendedTaskList.xListEnd.pxNext".
21:21:37.880 ERROR: [VariableReader] Status ERROR: org.eclipse.cdt.dsf.gdb code=10001 Connection is shut down
21:21:37.881 ERROR: [TaskFactory] Cannot read information from "xSuspendedTaskList".
21:21:37.881 ERROR: [VariableReader] Could not read variable expression: "xPendingReadyList.uxNumberOfItems".
21:21:37.881 ERROR: [VariableReader] Status ERROR: org.eclipse.cdt.dsf.gdb code=10001 Connection is shut down
21:21:37.881 ERROR: [TaskFactory] Cannot read information from "xPendingReadyList".
21:21:37.881 ERROR: [VariableReader] Could not read variable expression: "pxDelayedTaskList.uxNumberOfItems".
21:21:37.882 ERROR: [VariableReader] Status ERROR: org.eclipse.cdt.dsf.gdb code=10001 Connection is shut down
21:21:37.882 ERROR: [TaskFactory] Cannot read information from "pxDelayedTaskList".
21:21:37.882 ERROR: [VariableReader] Could not read variable expression: "pxOverflowDelayedTaskList.uxNumberOfItems".
21:21:37.882 ERROR: [VariableReader] Status ERROR: org.eclipse.cdt.dsf.gdb code=10001 Connection is shut down
21:21:37.882 ERROR: [TaskFactory] Cannot read information from "pxOverflowDelayedTaskList".
21:21:37.882 INFO: [Benchmark] Loading data for "Task List" took 1947 ms.
21:21:37.891 INFO: [TadModel] DSF session ID 3 has ended.
