"Task Aware Debugger for GDB" version 11.8.1 (202308071233)
Copyright 2016-2023 NXP
==================================
20:22:46.305 INFO: [TadModel] DSF session ID 1 has started.
20:22:50.671 INFO: [TadState] TAD state changed: DEBUG_STARTED -> DEBUG_INIT_0 (SUSPENDED, USER_REQUEST)
20:22:52.943 INFO: [TadState] TAD state changed: DEBUG_INIT_0 -> DEBUG_INIT_1 (RESUMED, USER_REQUEST)
20:22:52.981 INFO: [TadState] TAD state changed: DEBUG_INIT_1 -> DEBUG_SUSPENDED (SUSPENDED, BREAKPOINT)
20:22:55.147 INFO: [TadState] TAD state changed: DEBUG_SUSPENDED -> DEBUG_RESUMED (RESUMED, USER_REQUEST)
20:23:12.610 INFO: [TadState] TAD state changed: DEBUG_RESUMED -> READY (SUSPENDED, SIGNAL)
20:23:16.266 INFO: [TadState] TAD state changed: READY -> DEBUG_RESUMED (RESUMED, STEP)
20:23:20.925 INFO: [TadState] TAD state changed: DEBUG_RESUMED -> READY (SUSPENDED, SIGNAL)
20:23:23.402 INFO: [TadState] TAD state changed: READY -> DEBUG_RESUMED (RESUMED, STEP)
20:23:24.82 INFO: [TadState] TAD state changed: DEBUG_RESUMED -> READY (SUSPENDED, STEP)
20:23:27.129 INFO: [TadState] TAD state changed: READY -> DEBUG_RESUMED (RESUMED, STEP)
20:23:27.288 INFO: [TadState] TAD state changed: DEBUG_RESUMED -> READY (SUSPENDED, STEP)
20:23:28.968 INFO: [TadState] TAD state changed: READY -> DEBUG_RESUMED (RESUMED, STEP)
20:23:30.94 INFO: [TadState] TAD state changed: DEBUG_RESUMED -> READY (SUSPENDED, STEP)
20:23:34.730 INFO: [TadState] TAD state changed: READY -> DEBUG_RESUMED (RESUMED, STEP)
20:23:34.884 INFO: [TadState] TAD state changed: DEBUG_RESUMED -> READY (SUSPENDED, STEP)
20:23:36.322 INFO: [TadState] TAD state changed: READY -> DEBUG_RESUMED (RESUMED, STEP)
20:23:37.442 INFO: [TadState] TAD state changed: DEBUG_RESUMED -> READY (SUSPENDED, STEP)
20:23:37.565 INFO: [TadState] TAD state changed: READY -> DEBUG_RESUMED (RESUMED, STEP)
20:23:37.727 INFO: [TadState] TAD state changed: DEBUG_RESUMED -> READY (SUSPENDED, STEP)
20:23:41.543 INFO: [TadState] TAD state changed: READY -> DEBUG_RESUMED (RESUMED, USER_REQUEST)
20:25:25.436 INFO: [TadState] TAD state changed: DEBUG_RESUMED -> READY (SUSPENDED, SIGNAL)
20:25:27.455 INFO: [TadModel] DSF session ID 1 has ended.
